TN:
SF:src\backend\human-interface.ts
FN:70,get_root_modules
FN:80,(anonymous_11)
FN:97,get_module_by_hierarchical_name
FN:129,search_modules
FN:192,add_module
FN:234,(anonymous_15)
FN:260,update_module
FN:274,(anonymous_17)
FN:322,(anonymous_18)
FN:347,delete_module
FN:376,(anonymous_20)
FN:414,(anonymous_21)
FN:433,(anonymous_22)
FN:470,(anonymous_23)
FN:503,(anonymous_24)
FN:529,(anonymous_25)
FN:557,(anonymous_26)
FN:588,(anonymous_27)
FN:612,startServer
FN:616,(anonymous_29)
FNF:20
FNH:16
FNDA:6,get_root_modules
FNDA:9,(anonymous_11)
FNDA:35,get_module_by_hierarchical_name
FNDA:6,search_modules
FNDA:11,add_module
FNDA:4,(anonymous_15)
FNDA:9,update_module
FNDA:9,(anonymous_17)
FNDA:0,(anonymous_18)
FNDA:10,delete_module
FNDA:1,(anonymous_20)
FNDA:6,(anonymous_21)
FNDA:8,(anonymous_22)
FNDA:17,(anonymous_23)
FNDA:11,(anonymous_24)
FNDA:9,(anonymous_25)
FNDA:10,(anonymous_26)
FNDA:0,(anonymous_27)
FNDA:0,startServer
FNDA:0,(anonymous_29)
DA:1,1
DA:3,1
DA:4,1
DA:61,1
DA:70,1
DA:71,6
DA:73,6
DA:74,6
DA:75,4
DA:79,2
DA:80,9
DA:83,2
DA:85,2
DA:87,0
DA:97,1
DA:98,35
DA:100,35
DA:101,0
DA:105,35
DA:106,3
DA:110,32
DA:113,32
DA:114,8
DA:117,24
DA:119,11
DA:129,1
DA:130,6
DA:132,6
DA:133,0
DA:137,6
DA:138,6
DA:139,1
DA:147,5
DA:151,5
DA:152,2
DA:156,5
DA:159,5
DA:160,5
DA:162,5
DA:163,0
DA:166,5
DA:167,5
DA:171,5
DA:173,5
DA:179,0
DA:192,1
DA:193,11
DA:195,11
DA:196,3
DA:199,8
DA:200,1
DA:204,7
DA:205,7
DA:206,7
DA:207,1
DA:211,6
DA:220,6
DA:221,6
DA:222,1
DA:226,5
DA:227,5
DA:228,0
DA:230,5
DA:233,5
DA:234,5
DA:235,4
DA:236,4
DA:240,5
DA:246,6
DA:260,1
DA:261,9
DA:263,9
DA:264,0
DA:268,9
DA:269,0
DA:273,9
DA:274,9
DA:275,9
DA:276,1
DA:280,8
DA:281,8
DA:282,7
DA:283,0
DA:286,1
DA:287,1
DA:288,1
DA:290,0
DA:294,7
DA:295,7
DA:296,5
DA:298,7
DA:299,2
DA:303,7
DA:304,1
DA:308,6
DA:309,6
DA:310,0
DA:314,6
DA:315,6
DA:316,0
DA:318,6
DA:321,6
DA:322,6
DA:323,0
DA:324,0
DA:328,6
DA:334,3
DA:347,1
DA:348,10
DA:350,10
DA:351,0
DA:355,10
DA:356,10
DA:358,2
DA:359,2
DA:361,1
DA:362,1
DA:363,1
DA:365,1
DA:369,8
DA:370,8
DA:371,1
DA:375,7
DA:376,7
DA:377,1
DA:378,1
DA:382,7
DA:388,3
DA:401,1
DA:406,1
DA:407,1
DA:414,1
DA:415,6
DA:416,6
DA:417,6
DA:423,0
DA:433,1
DA:434,8
DA:435,8
DA:438,8
DA:439,2
DA:445,6
DA:452,6
DA:454,6
DA:455,6
DA:457,0
DA:460,0
DA:470,1
DA:471,17
DA:472,17
DA:473,17
DA:474,9
DA:480,8
DA:481,8
DA:482,6
DA:486,2
DA:487,2
DA:492,0
DA:503,1
DA:504,11
DA:505,11
DA:506,11
DA:508,11
DA:509,5
DA:511,6
DA:512,6
DA:513,1
DA:515,5
DA:519,0
DA:529,1
DA:530,9
DA:531,9
DA:532,9
DA:534,9
DA:536,9
DA:537,6
DA:539,3
DA:540,3
DA:541,1
DA:543,2
DA:547,0
DA:557,1
DA:558,10
DA:559,10
DA:560,10
DA:562,10
DA:563,7
DA:565,3
DA:567,3
DA:568,1
DA:569,2
DA:570,1
DA:572,1
DA:576,0
DA:588,1
DA:589,0
DA:591,0
DA:598,0
DA:599,0
DA:612,1
DA:614,0
DA:616,0
DA:617,0
DA:618,0
DA:621,0
DA:627,1
DA:632,1
DA:633,0
LF:208
LH:176
BRDA:74,0,0,4
BRDA:87,1,0,0
BRDA:87,1,1,0
BRDA:100,2,0,0
BRDA:100,3,0,35
BRDA:100,3,1,35
BRDA:105,4,0,3
BRDA:113,5,0,8
BRDA:113,6,0,32
BRDA:113,6,1,32
BRDA:132,7,0,0
BRDA:132,8,0,6
BRDA:132,8,1,6
BRDA:132,8,2,6
BRDA:138,9,0,1
BRDA:151,10,0,2
BRDA:159,11,0,5
BRDA:159,11,1,5
BRDA:160,12,0,5
BRDA:160,12,1,4
BRDA:162,13,0,0
BRDA:166,14,0,5
BRDA:181,15,0,0
BRDA:181,15,1,0
BRDA:195,16,0,3
BRDA:195,17,0,11
BRDA:195,17,1,8
BRDA:199,18,0,1
BRDA:199,19,0,8
BRDA:199,19,1,8
BRDA:204,20,0,1
BRDA:204,20,1,6
BRDA:206,21,0,1
BRDA:215,22,0,6
BRDA:215,22,1,0
BRDA:216,23,0,6
BRDA:216,23,1,5
BRDA:221,24,0,1
BRDA:227,25,0,0
BRDA:235,26,0,4
BRDA:248,27,0,6
BRDA:248,27,1,0
BRDA:263,28,0,0
BRDA:263,29,0,9
BRDA:263,29,1,9
BRDA:268,30,0,0
BRDA:268,31,0,9
BRDA:268,31,1,9
BRDA:268,31,2,9
BRDA:268,31,3,9
BRDA:275,32,0,1
BRDA:282,33,0,0
BRDA:286,34,0,1
BRDA:286,34,1,0
BRDA:287,35,0,1
BRDA:295,36,0,5
BRDA:298,37,0,2
BRDA:303,38,0,1
BRDA:303,39,0,7
BRDA:303,39,1,2
BRDA:309,40,0,0
BRDA:315,41,0,0
BRDA:323,42,0,0
BRDA:336,43,0,3
BRDA:336,43,1,0
BRDA:350,44,0,0
BRDA:350,45,0,10
BRDA:350,45,1,10
BRDA:358,46,0,2
BRDA:358,46,1,0
BRDA:359,47,0,1
BRDA:370,48,0,1
BRDA:377,49,0,1
BRDA:390,50,0,3
BRDA:390,50,1,0
BRDA:425,51,0,0
BRDA:425,51,1,0
BRDA:438,52,0,2
BRDA:438,53,0,8
BRDA:438,53,1,6
BRDA:438,53,2,6
BRDA:448,54,0,1
BRDA:448,54,1,5
BRDA:449,55,0,1
BRDA:449,55,1,5
BRDA:454,56,0,6
BRDA:454,56,1,0
BRDA:462,57,0,0
BRDA:462,57,1,0
BRDA:480,58,0,8
BRDA:480,58,1,0
BRDA:481,59,0,6
BRDA:481,59,1,2
BRDA:486,60,0,2
BRDA:486,60,1,0
BRDA:486,61,0,2
BRDA:486,61,1,2
BRDA:508,62,0,5
BRDA:508,62,1,6
BRDA:511,63,0,6
BRDA:511,63,1,0
BRDA:512,64,0,1
BRDA:512,64,1,5
BRDA:521,65,0,0
BRDA:521,65,1,0
BRDA:536,66,0,6
BRDA:536,66,1,3
BRDA:539,67,0,3
BRDA:539,67,1,0
BRDA:540,68,0,1
BRDA:540,68,1,2
BRDA:549,69,0,0
BRDA:549,69,1,0
BRDA:562,70,0,7
BRDA:562,70,1,3
BRDA:565,71,0,3
BRDA:565,71,1,0
BRDA:567,72,0,1
BRDA:567,72,1,2
BRDA:567,73,0,3
BRDA:567,73,1,2
BRDA:569,74,0,1
BRDA:569,74,1,1
BRDA:569,75,0,2
BRDA:569,75,1,1
BRDA:578,76,0,0
BRDA:578,76,1,0
BRDA:589,77,0,0
BRDA:589,78,0,0
BRDA:589,78,1,0
BRDA:612,79,0,0
BRDA:632,80,0,0
BRF:132
BRH:90
end_of_record
TN:
SF:src\backend\index.ts
FN:7,(anonymous_0)
FN:8,(anonymous_1)
FN:9,(anonymous_2)
FN:10,(anonymous_3)
FN:11,(anonymous_4)
FNF:5
FNH:0
FNDA:0,(anonymous_0)
FNDA:0,(anonymous_1)
FNDA:0,(anonymous_2)
FNDA:0,(anonymous_3)
FNDA:0,(anonymous_4)
DA:6,0
DA:7,0
DA:8,0
DA:9,0
DA:10,0
DA:11,0
DA:17,0
DA:18,0
DA:19,0
LF:9
LH:0
BRF:0
BRH:0
end_of_record
TN:
SF:src\backend\module-manager.ts
FN:82,initialize_module_manager
FN:98,clear_module_manager
FN:106,rebuild_relationships
FN:135,validate_name_format
FN:146,validate_hierarchical_name_format
FN:170,check_circular_reference
FN:206,add_module
FN:339,find_modules
FN:388,update_module
FN:452,delete_module
FN:521,get_module_types
FN:531,get_module_relationships
FNF:12
FNH:12
FNDA:2,initialize_module_manager
FNDA:23,clear_module_manager
FNDA:2,rebuild_relationships
FNDA:487,validate_name_format
FNDA:174,validate_hierarchical_name_format
FNDA:54,check_circular_reference
FNDA:175,add_module
FNDA:71,find_modules
FNDA:12,update_module
FNDA:18,delete_module
FNDA:3,get_module_types
FNDA:7,get_module_relationships
DA:1,2
DA:68,2
DA:73,2
DA:76,2
DA:82,2
DA:84,2
DA:87,2
DA:88,2
DA:89,2
DA:91,2
DA:98,2
DA:99,23
DA:100,23
DA:107,2
DA:110,2
DA:111,0
DA:112,0
DA:121,2
DA:122,0
DA:123,0
DA:124,0
DA:137,487
DA:138,487
DA:147,174
DA:150,174
DA:151,1
DA:155,173
DA:156,312
DA:157,1
DA:161,172
DA:171,54
DA:172,31
DA:176,23
DA:177,0
DA:181,23
DA:182,23
DA:184,23
DA:185,26
DA:186,26
DA:187,26
DA:188,0
DA:191,26
DA:192,0
DA:195,26
DA:198,23
DA:206,2
DA:207,175
DA:209,175
DA:210,1
DA:217,174
DA:218,174
DA:220,2
DA:221,1
DA:226,1
DA:233,172
DA:234,114
DA:241,58
DA:242,1
DA:249,57
DA:250,1
DA:257,56
DA:258,2
DA:265,54
DA:266,0
DA:273,54
DA:274,54
DA:275,0
DA:282,54
DA:285,54
DA:286,54
DA:294,54
DA:296,23
DA:297,0
DA:304,23
DA:305,23
DA:310,54
DA:311,54
DA:313,0
DA:314,0
DA:315,0
DA:322,54
DA:327,0
DA:339,2
DA:340,71
DA:342,71
DA:345,71
DA:346,56
DA:347,56
DA:351,15
DA:352,56
DA:355,56
DA:356,14
DA:360,56
DA:361,27
DA:362,27
DA:363,27
DA:364,27
DA:365,13
DA:370,56
DA:371,29
DA:376,15
DA:378,0
DA:388,2
DA:389,12
DA:391,12
DA:392,1
DA:399,11
DA:400,1
DA:407,10
DA:408,1
DA:415,9
DA:416,1
DA:423,8
DA:426,8
DA:427,8
DA:428,0
DA:435,8
DA:440,0
DA:452,2
DA:453,18
DA:455,18
DA:456,1
DA:463,17
DA:464,17
DA:465,2
DA:472,15
DA:473,0
DA:480,15
DA:483,15
DA:484,4
DA:485,4
DA:486,4
DA:487,4
DA:492,15
DA:493,15
DA:496,15
DA:497,15
DA:498,0
DA:505,15
DA:510,0
DA:521,2
DA:523,3
DA:531,2
DA:533,7
DA:534,1
DA:542,6
DA:550,2
LF:147
LH:126
BRDA:88,0,0,2
BRDA:88,1,0,2
BRDA:88,1,1,2
BRDA:111,2,0,0
BRDA:122,3,0,0
BRDA:122,4,0,0
BRDA:122,4,1,0
BRDA:123,5,0,0
BRDA:150,6,0,1
BRDA:156,7,0,1
BRDA:171,8,0,31
BRDA:176,9,0,0
BRDA:184,10,0,49
BRDA:184,10,1,26
BRDA:187,11,0,0
BRDA:191,12,0,0
BRDA:209,13,0,1
BRDA:218,14,0,2
BRDA:220,15,0,1
BRDA:233,16,0,114
BRDA:241,17,0,1
BRDA:249,18,0,1
BRDA:257,19,0,2
BRDA:257,20,0,56
BRDA:257,20,1,25
BRDA:265,21,0,0
BRDA:274,22,0,0
BRDA:285,23,0,54
BRDA:294,24,0,23
BRDA:296,25,0,0
BRDA:304,26,0,23
BRDA:311,27,0,0
BRDA:329,28,0,0
BRDA:329,28,1,0
BRDA:345,29,0,56
BRDA:347,30,0,40
BRDA:347,30,1,16
BRDA:355,31,0,14
BRDA:355,32,0,56
BRDA:355,32,1,22
BRDA:360,33,0,27
BRDA:360,34,0,56
BRDA:360,34,1,33
BRDA:364,35,0,13
BRDA:364,36,0,27
BRDA:364,36,1,21
BRDA:370,37,0,29
BRDA:391,38,0,1
BRDA:399,39,0,1
BRDA:407,40,0,1
BRDA:415,41,0,1
BRDA:427,42,0,0
BRDA:442,43,0,0
BRDA:442,43,1,0
BRDA:455,44,0,1
BRDA:464,45,0,2
BRDA:464,46,0,17
BRDA:464,46,1,17
BRDA:472,47,0,0
BRDA:472,48,0,15
BRDA:472,48,1,15
BRDA:483,49,0,4
BRDA:483,50,0,15
BRDA:483,50,1,15
BRDA:483,50,2,4
BRDA:486,51,0,4
BRDA:497,52,0,0
BRDA:512,53,0,0
BRDA:512,53,1,0
BRDA:533,54,0,1
BRDA:542,55,0,6
BRDA:542,55,1,0
BRF:72
BRH:50
end_of_record
TN:
SF:src\backend\storage.ts
FN:24,initialize_storage
FN:68,load_modules
FN:100,save_modules
FN:136,validate_data
FN:193,get_storage_root_path
FNF:5
FNH:4
FNDA:69,initialize_storage
FNDA:10,load_modules
FNDA:109,save_modules
FNDA:129,validate_data
FNDA:0,get_storage_root_path
DA:1,3
DA:2,3
DA:3,3
DA:11,3
DA:14,3
DA:17,3
DA:24,3
DA:25,69
DA:27,69
DA:28,66
DA:30,3
DA:34,69
DA:35,66
DA:39,69
DA:40,69
DA:42,66
DA:46,66
DA:50,69
DA:51,69
DA:53,66
DA:54,66
DA:58,69
DA:60,0
DA:68,3
DA:69,10
DA:71,10
DA:74,10
DA:75,1
DA:79,9
DA:80,9
DA:83,8
DA:84,8
DA:85,0
DA:89,8
DA:91,1
DA:100,3
DA:101,109
DA:103,109
DA:104,109
DA:105,1
DA:109,108
DA:112,108
DA:113,107
DA:114,107
DA:115,107
DA:119,108
DA:122,108
DA:125,108
DA:127,0
DA:136,3
DA:137,129
DA:140,129
DA:141,2
DA:142,2
DA:146,127
DA:147,1
DA:148,1
DA:152,126
DA:153,1
DA:154,1
DA:158,125
DA:160,125
DA:161,260
DA:162,0
DA:163,0
DA:166,260
DA:169,260
DA:170,2
DA:174,260
DA:175,1
DA:178,259
DA:179,1
DA:185,125
DA:186,125
DA:193,3
DA:194,0
LF:76
LH:70
BRDA:27,0,0,66
BRDA:27,0,1,3
BRDA:34,1,0,66
BRDA:40,2,0,66
BRDA:51,3,0,66
BRDA:60,4,0,0
BRDA:60,4,1,0
BRDA:74,5,0,1
BRDA:83,6,0,8
BRDA:83,6,1,0
BRDA:84,7,0,0
BRDA:89,8,0,8
BRDA:89,8,1,0
BRDA:104,9,0,1
BRDA:112,10,0,107
BRDA:140,11,0,2
BRDA:140,12,0,129
BRDA:140,12,1,128
BRDA:140,12,2,128
BRDA:146,13,0,1
BRDA:152,14,0,1
BRDA:152,15,0,126
BRDA:152,15,1,125
BRDA:152,15,2,125
BRDA:161,16,0,0
BRDA:161,17,0,260
BRDA:161,17,1,260
BRDA:161,17,2,260
BRDA:169,18,0,2
BRDA:174,19,0,1
BRDA:174,19,1,259
BRDA:178,20,0,1
BRF:32
BRH:26
end_of_record
